<?xml version="1.0" encoding="UTF-8"?>
<!-- Generated by org.testng.reporters.JUnitXMLReporter -->
<testsuite ignored="0" hostname="OJAS" failures="0" tests="3" name="TestNgAllClasses" time="110.338" errors="0" timestamp="2024-01-09T20:24:38 IST">
  <testcase classname="CoverFox_Test.CoverFox_Testing_SearchResult_for_HealthCare_PoliciesWithTestNg" name="validatetestplansfromTextAndBanners" time="18.68"/>
  <testcase classname="CoverFox_Test.ValidatingErrorMessageOnAddressDetailsPage" name="validateResultvithoutSendingData" time="4.589"/>
  <testcase classname="CoverFox_Test.ScreenShotForFailedTestCase" name="validatetestplansfromTextAndBanners" time="18.427"/>
</testsuite> <!-- TestNgAllClasses -->
