<?xml version="1.0" encoding="UTF-8"?>
<testsuite xmlns:xsi="http://www.w3.org/2001/XMLSchema-instance" xsi:noNamespaceSchemaLocation="https://maven.apache.org/surefire/maven-surefire-plugin/xsd/surefire-test-report-3.0.xsd" version="3.0" name="TestSuite" time="29.563" tests="1" errors="0" skipped="0" failures="0">
  <properties>
[...]
</properties>
  <testcase name="validateResultvithoutSendingData" classname="CoverFox_Test.ValidatingErrorMessageOnAddressDetailsPage" time="4.489">
    <system-out><![CDATA[Launching Browser
Click Female button
Click On Next button from health plan page
Handlin age drop down from Member details
Reading Data from Excel sheet
Click Next button of age drop down
Sending pincode to textBox
Reading Data from Excel sheet
Click continue button
Vaalidating error message displayed or not
Validating expected and actual error message 
Actual Message is Please enter a valid mobile no.
]]></system-out>
    <system-err><![CDATA[SLF4J: No SLF4J providers were found.
SLF4J: Defaulting to no-operation (NOP) logger implementation
SLF4J: See https://www.slf4j.org/codes.html#noProviders for further details.
log4j:ERROR Could not read configuration file [investment_bankingLog4J.properties].
java.io.FileNotFoundException: investment_bankingLog4J.properties (The system cannot find the file specified)
	at java.base/java.io.FileInputStream.open0(Native Method)
	at java.base/java.io.FileInputStream.open(FileInputStream.java:216)
	at java.base/java.io.FileInputStream.<init>(FileInputStream.java:157)
	at java.base/java.io.FileInputStream.<init>(FileInputStream.java:111)
	at org.apache.log4j.PropertyConfigurator.doConfigure(PropertyConfigurator.java:372)
	at org.apache.log4j.PropertyConfigurator.configure(PropertyConfigurator.java:403)
	at CoverFox_Test.ValidatingErrorMessageOnAddressDetailsPage.beforeClassExicutions1(ValidatingErrorMessageOnAddressDetailsPage.java:41)
	at java.base/jdk.internal.reflect.NativeMethodAccessorImpl.invoke0(Native Method)
	at java.base/jdk.internal.reflect.NativeMethodAccessorImpl.invoke(NativeMethodAccessorImpl.java:77)
	at java.base/jdk.internal.reflect.DelegatingMethodAccessorImpl.invoke(DelegatingMethodAccessorImpl.java:43)
	at java.base/java.lang.reflect.Method.invoke(Method.java:568)
	at org.testng.internal.invokers.MethodInvocationHelper.invokeMethod(MethodInvocationHelper.java:139)
	at org.testng.internal.invokers.MethodInvocationHelper.invokeMethodConsideringTimeout(MethodInvocationHelper.java:69)
	at org.testng.internal.invokers.ConfigInvoker.invokeConfigurationMethod(ConfigInvoker.java:361)
	at org.testng.internal.invokers.ConfigInvoker.invokeConfigurations(ConfigInvoker.java:296)
	at org.testng.internal.invokers.TestMethodWorker.invokeBeforeClassMethods(TestMethodWorker.java:180)
	at org.testng.internal.invokers.TestMethodWorker.run(TestMethodWorker.java:122)
	at java.base/java.util.ArrayList.forEach(ArrayList.java:1511)
	at org.testng.TestRunner.privateRun(TestRunner.java:806)
	at org.testng.TestRunner.run(TestRunner.java:601)
	at org.testng.SuiteRunner.runTest(SuiteRunner.java:433)
	at org.testng.SuiteRunner.runSequentially(SuiteRunner.java:427)
	at org.testng.SuiteRunner.privateRun(SuiteRunner.java:387)
	at org.testng.SuiteRunner.run(SuiteRunner.java:330)
	at org.testng.SuiteRunnerWorker.runSuite(SuiteRunnerWorker.java:52)
	at org.testng.SuiteRunnerWorker.run(SuiteRunnerWorker.java:95)
	at org.testng.TestNG.runSuitesSequentially(TestNG.java:1256)
	at org.testng.TestNG.runSuitesLocally(TestNG.java:1176)
	at org.testng.TestNG.runSuites(TestNG.java:1099)
	at org.testng.TestNG.run(TestNG.java:1067)
	at org.apache.maven.surefire.testng.TestNGExecutor.run(TestNGExecutor.java:308)
	at org.apache.maven.surefire.testng.TestNGXmlTestSuite.execute(TestNGXmlTestSuite.java:71)
	at org.apache.maven.surefire.testng.TestNGProvider.invoke(TestNGProvider.java:113)
	at org.apache.maven.surefire.booter.ForkedBooter.runSuitesInProcess(ForkedBooter.java:385)
	at org.apache.maven.surefire.booter.ForkedBooter.execute(ForkedBooter.java:162)
	at org.apache.maven.surefire.booter.ForkedBooter.run(ForkedBooter.java:507)
	at org.apache.maven.surefire.booter.ForkedBooter.main(ForkedBooter.java:495)
log4j:ERROR Ignoring configuration file [investment_bankingLog4J.properties].
Jan 17, 2024 11:46:28 PM CoverFox_Test.ValidatingErrorMessageOnAddressDetailsPage beforeClassExicutions1
INFO: launching 
Jan 17, 2024 11:46:44 PM CoverFox_Test.ValidatingErrorMessageOnAddressDetailsPage validateResultvithoutSendingData
INFO: Sending pincode to textBox
Jan 17, 2024 11:46:44 PM CoverFox_Test.ValidatingErrorMessageOnAddressDetailsPage validateResultvithoutSendingData
INFO: Click continue button
Jan 17, 2024 11:46:47 PM CoverFox_Test.ValidatingErrorMessageOnAddressDetailsPage validateResultvithoutSendingData
INFO: Vaalidating error message displayed or not
Jan 17, 2024 11:46:47 PM CoverFox_Test.ValidatingErrorMessageOnAddressDetailsPage validateResultvithoutSendingData
INFO: Validating expected and actual error message
Jan 17, 2024 11:46:47 PM CoverFox_Test.ValidatingErrorMessageOnAddressDetailsPage validateResultvithoutSendingData
WARNING: Error message displayed is matching. Tc passed
]]></system-err>
  </testcase>
</testsuite>